saved sheet_saiyat_00.png (12)
saved sheet_saiyat_01.png (12)
saved sheet_saiyat_02.png (12)
saved sheet_saiyat_03.png (12)
saved sheet_nakprok_00.png (10)
saved sheet_prathanphon_00.png (5)
saved sheet_standing_unknown_00.png (12)
saved sheet_standing_unknown_01.png (12)
saved sheet_standing_unknown_02.png (6)
saved sheet_seated_unknown_00.png (9)
saved sheet_seated_unknown_01.png (9)
saved sheet_seated_unknown_02.png (9)
saved sheet_seated_unknown_03.png (9)
saved sheet_seated_unknown_04.png (9)
saved sheet_seated_unknown_05.png (9)
saved sheet_seated_unknown_06.png (9)
saved sheet_seated_unknown_07.png (9)
saved sheet_seated_unknown_08.png (9)
saved sheet_seated_unknown_09.png (9)
saved sheet_seated_unknown_10.png (2)
units: 185
